<?xml version="1.0" encoding="UTF-8"?>
<!-- Generated by org.testng.reporters.JUnitXMLReporter -->
<testsuite hostname="DESKTOP-LFUQUF2" name="Default test" tests="6" failures="0" timestamp="15 Feb 2020 17:05:26 GMT" time="71.402" errors="0">
  <testcase name="TC_01_LogintoSystem" time="12.851" classname="testng_framework.Part_5_Loop"/>
  <testcase name="TC_01_LogintoSystem" time="9.199" classname="testng_framework.Part_5_Loop"/>
  <testcase name="TC_01_LogintoSystem" time="9.613" classname="testng_framework.Part_5_Loop"/>
  <testcase name="TC_01_LogintoSystem" time="9.531" classname="testng_framework.Part_5_Loop"/>
  <testcase name="TC_01_LogintoSystem" time="9.297" classname="testng_framework.Part_5_Loop"/>
  <testcase name="TC_01_LogintoSystem" time="9.53" classname="testng_framework.Part_5_Loop"/>
</testsuite> <!-- Default test -->
